<?xml version="1.0" encoding="UTF-8"?>
<!-- Generated by org.testng.reporters.JUnitReportReporter -->
<testsuite hostname="DESKTOP-MTBJNQB" failures="0" tests="3" name="test.day4" time="0.000" errors="0" timestamp="2021-03-10T08:46:14 IST" skipped="3">
  <testcase classname="test.day4" name="MobileloginHomeloan" time="0.000">
    <skipped/>
  </testcase> <!-- MobileloginHomeloan -->
  <system-out/>
  <testcase classname="test.day4" name="LoginAPIHomeloan" time="0.000">
    <skipped/>
  </testcase> <!-- LoginAPIHomeloan -->
  <system-out/>
  <testcase classname="test.day4" name="WebloginHomeloan" time="0.000">
    <skipped/>
  </testcase> <!-- WebloginHomeloan -->
  <system-out/>
</testsuite> <!-- test.day4 -->
