<?xml version="1.0" encoding="UTF-8"?>
<!-- Generated by org.testng.reporters.JUnitReportReporter -->
<testsuite hostname="DESKTOP-MTBJNQB" failures="0" tests="4" name="test.day3" time="0.007" errors="0" timestamp="2021-03-10T08:44:46 IST" skipped="0">
  <testcase classname="test.day3" name="LoginAPICarloan" time="0.003"/>
  <system-out/>
  <testcase classname="test.day3" name="WebloginCarloan" time="0.002"/>
  <system-out/>
  <testcase classname="test.day3" name="WebloginCarloan" time="0.001"/>
  <system-out/>
  <testcase classname="test.day3" name="WebloginCarloan" time="0.001"/>
  <system-out/>
</testsuite> <!-- test.day3 -->
