<?xml version="1.0" encoding="UTF-8"?>
<!-- Generated by org.testng.reporters.JUnitReportReporter -->
<testsuite hostname="DESKTOP-MTBJNQB" failures="0" tests="5" name="test.Order" time="0.000" errors="0" timestamp="2021-03-10T08:43:43 IST" skipped="5">
  <testcase classname="test.Order" name="C" time="0.000">
    <skipped/>
  </testcase> <!-- C -->
  <system-out/>
  <testcase classname="test.Order" name="D" time="0.000">
    <skipped/>
  </testcase> <!-- D -->
  <system-out/>
  <testcase classname="test.Order" name="D" time="0.000">
    <skipped/>
  </testcase> <!-- D -->
  <system-out/>
  <testcase classname="test.Order" name="D" time="0.000">
    <skipped/>
  </testcase> <!-- D -->
  <system-out/>
  <testcase classname="test.Order" name="B">
    <skipped/>
  </testcase> <!-- B -->
  <system-out/>
</testsuite> <!-- test.Order -->
