<?xml version="1.0" encoding="UTF-8"?>
<!-- Generated by org.testng.reporters.JUnitReportReporter -->
<testsuite hostname="DESKTOP-MTBJNQB" failures="0" tests="1" name="test.day2" time="0.001" errors="0" timestamp="2021-03-10T08:57:41 IST" skipped="0">
  <testcase classname="test.day2" name="ploan" time="0.001"/>
  <system-out/>
</testsuite> <!-- test.day2 -->
